<?xml version="1.0" encoding="UTF-8"?>
<testsuite xmlns:xsi="http://www.w3.org/2001/XMLSchema-instance" xsi:noNamespaceSchemaLocation="https://maven.apache.org/surefire/maven-surefire-plugin/xsd/surefire-test-report.xsd" name="zup.edu.runners.RunnerTest" time="6.192" tests="1" errors="0" skipped="0" failures="0">
  <properties>
    <property name="gopherProxySet" value="false"/>
    <property name="awt.toolkit" value="sun.lwawt.macosx.LWCToolkit"/>
    <property name="java.specification.version" value="11"/>
    <property name="sun.cpu.isalist" value=""/>
    <property name="sun.jnu.encoding" value="UTF-8"/>
    <property name="java.class.path" value="/Users/alefecardozo/stackspot/zupEdu/restassuredMarvelZupEdu/target/test-classes:/Users/alefecardozo/stackspot/zupEdu/restassuredMarvelZupEdu/target/classes:/Users/alefecardozo/.m2/repository/junit/junit/4.13/junit-4.13.jar:/Users/alefecardozo/.m2/repository/org/hamcrest/hamcrest-core/1.3/hamcrest-core-1.3.jar:/Users/alefecardozo/.m2/repository/org/projectlombok/lombok/1.18.10/lombok-1.18.10.jar:/Users/alefecardozo/.m2/repository/io/rest-assured/rest-assured/4.4.0/rest-assured-4.4.0.jar:/Users/alefecardozo/.m2/repository/org/codehaus/groovy/groovy/3.0.8/groovy-3.0.8.jar:/Users/alefecardozo/.m2/repository/org/codehaus/groovy/groovy-xml/3.0.8/groovy-xml-3.0.8.jar:/Users/alefecardozo/.m2/repository/org/apache/httpcomponents/httpclient/4.5.13/httpclient-4.5.13.jar:/Users/alefecardozo/.m2/repository/org/apache/httpcomponents/httpcore/4.4.13/httpcore-4.4.13.jar:/Users/alefecardozo/.m2/repository/commons-logging/commons-logging/1.2/commons-logging-1.2.jar:/Users/alefecardozo/.m2/repository/commons-codec/commons-codec/1.11/commons-codec-1.11.jar:/Users/alefecardozo/.m2/repository/org/apache/httpcomponents/httpmime/4.5.13/httpmime-4.5.13.jar:/Users/alefecardozo/.m2/repository/org/ccil/cowan/tagsoup/tagsoup/1.2.1/tagsoup-1.2.1.jar:/Users/alefecardozo/.m2/repository/io/rest-assured/json-path/4.4.0/json-path-4.4.0.jar:/Users/alefecardozo/.m2/repository/org/codehaus/groovy/groovy-json/3.0.8/groovy-json-3.0.8.jar:/Users/alefecardozo/.m2/repository/io/rest-assured/rest-assured-common/4.4.0/rest-assured-common-4.4.0.jar:/Users/alefecardozo/.m2/repository/io/rest-assured/xml-path/4.4.0/xml-path-4.4.0.jar:/Users/alefecardozo/.m2/repository/jakarta/xml/bind/jakarta.xml.bind-api/2.3.3/jakarta.xml.bind-api-2.3.3.jar:/Users/alefecardozo/.m2/repository/jakarta/activation/jakarta.activation-api/1.2.2/jakarta.activation-api-1.2.2.jar:/Users/alefecardozo/.m2/repository/com/sun/xml/bind/jaxb-impl/2.3.3/jaxb-impl-2.3.3.jar:/Users/alefecardozo/.m2/repository/com/github/javafaker/javafaker/1.0.2/javafaker-1.0.2.jar:/Users/alefecardozo/.m2/repository/org/apache/commons/commons-lang3/3.5/commons-lang3-3.5.jar:/Users/alefecardozo/.m2/repository/org/yaml/snakeyaml/1.23/snakeyaml-1.23-android.jar:/Users/alefecardozo/.m2/repository/com/github/mifmif/generex/1.0.2/generex-1.0.2.jar:/Users/alefecardozo/.m2/repository/dk/brics/automaton/automaton/1.11-8/automaton-1.11-8.jar:/Users/alefecardozo/.m2/repository/org/skyscreamer/jsonassert/1.5.0/jsonassert-1.5.0.jar:/Users/alefecardozo/.m2/repository/com/vaadin/external/google/android-json/0.0.20131108.vaadin1/android-json-0.0.20131108.vaadin1.jar:/Users/alefecardozo/.m2/repository/io/cucumber/cucumber-junit/7.6.0/cucumber-junit-7.6.0.jar:/Users/alefecardozo/.m2/repository/org/apiguardian/apiguardian-api/1.1.2/apiguardian-api-1.1.2.jar:/Users/alefecardozo/.m2/repository/io/cucumber/cucumber-core/7.6.0/cucumber-core-7.6.0.jar:/Users/alefecardozo/.m2/repository/io/cucumber/cucumber-gherkin/7.6.0/cucumber-gherkin-7.6.0.jar:/Users/alefecardozo/.m2/repository/io/cucumber/cucumber-gherkin-messages/7.6.0/cucumber-gherkin-messages-7.6.0.jar:/Users/alefecardozo/.m2/repository/io/cucumber/gherkin/24.0.0/gherkin-24.0.0.jar:/Users/alefecardozo/.m2/repository/io/cucumber/messages/19.0.0/messages-19.0.0.jar:/Users/alefecardozo/.m2/repository/io/cucumber/tag-expressions/4.1.0/tag-expressions-4.1.0.jar:/Users/alefecardozo/.m2/repository/io/cucumber/cucumber-expressions/16.0.0/cucumber-expressions-16.0.0.jar:/Users/alefecardozo/.m2/repository/io/cucumber/datatable/7.6.0/datatable-7.6.0.jar:/Users/alefecardozo/.m2/repository/io/cucumber/cucumber-plugin/7.6.0/cucumber-plugin-7.6.0.jar:/Users/alefecardozo/.m2/repository/io/cucumber/docstring/7.6.0/docstring-7.6.0.jar:/Users/alefecardozo/.m2/repository/io/cucumber/html-formatter/20.0.0/html-formatter-20.0.0.jar:/Users/alefecardozo/.m2/repository/io/cucumber/ci-environment/9.1.0/ci-environment-9.1.0.jar:/Users/alefecardozo/.m2/repository/io/cucumber/cucumber-java/7.6.0/cucumber-java-7.6.0.jar:/Users/alefecardozo/.m2/repository/org/hamcrest/hamcrest/2.2/hamcrest-2.2.jar:"/>
    <property name="java.vm.vendor" value="Oracle Corporation"/>
    <property name="sun.arch.data.model" value="64"/>
    <property name="java.vendor.url" value="https://openjdk.java.net/"/>
    <property name="user.timezone" value=""/>
    <property name="java.vm.specification.version" value="11"/>
    <property name="os.name" value="Mac OS X"/>
    <property name="sun.java.launcher" value="SUN_STANDARD"/>
    <property name="user.country" value="BR"/>
    <property name="sun.boot.library.path" value="/Library/Java/JavaVirtualMachines/jdk-11.0.10.jdk/Contents/Home/lib"/>
    <property name="sun.java.command" value="/Users/alefecardozo/stackspot/zupEdu/restassuredMarvelZupEdu/target/surefire/surefirebooter2751527284050142507.jar /Users/alefecardozo/stackspot/zupEdu/restassuredMarvelZupEdu/target/surefire 2022-10-27T21-19-40_553-jvmRun1 surefire5708973167947722754tmp surefire_08447090290178780669tmp"/>
    <property name="http.nonProxyHosts" value="local|*.local|169.254/16|*.169.254/16"/>
    <property name="jdk.debug" value="release"/>
    <property name="surefire.test.class.path" value="/Users/alefecardozo/stackspot/zupEdu/restassuredMarvelZupEdu/target/test-classes:/Users/alefecardozo/stackspot/zupEdu/restassuredMarvelZupEdu/target/classes:/Users/alefecardozo/.m2/repository/junit/junit/4.13/junit-4.13.jar:/Users/alefecardozo/.m2/repository/org/hamcrest/hamcrest-core/1.3/hamcrest-core-1.3.jar:/Users/alefecardozo/.m2/repository/org/projectlombok/lombok/1.18.10/lombok-1.18.10.jar:/Users/alefecardozo/.m2/repository/io/rest-assured/rest-assured/4.4.0/rest-assured-4.4.0.jar:/Users/alefecardozo/.m2/repository/org/codehaus/groovy/groovy/3.0.8/groovy-3.0.8.jar:/Users/alefecardozo/.m2/repository/org/codehaus/groovy/groovy-xml/3.0.8/groovy-xml-3.0.8.jar:/Users/alefecardozo/.m2/repository/org/apache/httpcomponents/httpclient/4.5.13/httpclient-4.5.13.jar:/Users/alefecardozo/.m2/repository/org/apache/httpcomponents/httpcore/4.4.13/httpcore-4.4.13.jar:/Users/alefecardozo/.m2/repository/commons-logging/commons-logging/1.2/commons-logging-1.2.jar:/Users/alefecardozo/.m2/repository/commons-codec/commons-codec/1.11/commons-codec-1.11.jar:/Users/alefecardozo/.m2/repository/org/apache/httpcomponents/httpmime/4.5.13/httpmime-4.5.13.jar:/Users/alefecardozo/.m2/repository/org/ccil/cowan/tagsoup/tagsoup/1.2.1/tagsoup-1.2.1.jar:/Users/alefecardozo/.m2/repository/io/rest-assured/json-path/4.4.0/json-path-4.4.0.jar:/Users/alefecardozo/.m2/repository/org/codehaus/groovy/groovy-json/3.0.8/groovy-json-3.0.8.jar:/Users/alefecardozo/.m2/repository/io/rest-assured/rest-assured-common/4.4.0/rest-assured-common-4.4.0.jar:/Users/alefecardozo/.m2/repository/io/rest-assured/xml-path/4.4.0/xml-path-4.4.0.jar:/Users/alefecardozo/.m2/repository/jakarta/xml/bind/jakarta.xml.bind-api/2.3.3/jakarta.xml.bind-api-2.3.3.jar:/Users/alefecardozo/.m2/repository/jakarta/activation/jakarta.activation-api/1.2.2/jakarta.activation-api-1.2.2.jar:/Users/alefecardozo/.m2/repository/com/sun/xml/bind/jaxb-impl/2.3.3/jaxb-impl-2.3.3.jar:/Users/alefecardozo/.m2/repository/com/github/javafaker/javafaker/1.0.2/javafaker-1.0.2.jar:/Users/alefecardozo/.m2/repository/org/apache/commons/commons-lang3/3.5/commons-lang3-3.5.jar:/Users/alefecardozo/.m2/repository/org/yaml/snakeyaml/1.23/snakeyaml-1.23-android.jar:/Users/alefecardozo/.m2/repository/com/github/mifmif/generex/1.0.2/generex-1.0.2.jar:/Users/alefecardozo/.m2/repository/dk/brics/automaton/automaton/1.11-8/automaton-1.11-8.jar:/Users/alefecardozo/.m2/repository/org/skyscreamer/jsonassert/1.5.0/jsonassert-1.5.0.jar:/Users/alefecardozo/.m2/repository/com/vaadin/external/google/android-json/0.0.20131108.vaadin1/android-json-0.0.20131108.vaadin1.jar:/Users/alefecardozo/.m2/repository/io/cucumber/cucumber-junit/7.6.0/cucumber-junit-7.6.0.jar:/Users/alefecardozo/.m2/repository/org/apiguardian/apiguardian-api/1.1.2/apiguardian-api-1.1.2.jar:/Users/alefecardozo/.m2/repository/io/cucumber/cucumber-core/7.6.0/cucumber-core-7.6.0.jar:/Users/alefecardozo/.m2/repository/io/cucumber/cucumber-gherkin/7.6.0/cucumber-gherkin-7.6.0.jar:/Users/alefecardozo/.m2/repository/io/cucumber/cucumber-gherkin-messages/7.6.0/cucumber-gherkin-messages-7.6.0.jar:/Users/alefecardozo/.m2/repository/io/cucumber/gherkin/24.0.0/gherkin-24.0.0.jar:/Users/alefecardozo/.m2/repository/io/cucumber/messages/19.0.0/messages-19.0.0.jar:/Users/alefecardozo/.m2/repository/io/cucumber/tag-expressions/4.1.0/tag-expressions-4.1.0.jar:/Users/alefecardozo/.m2/repository/io/cucumber/cucumber-expressions/16.0.0/cucumber-expressions-16.0.0.jar:/Users/alefecardozo/.m2/repository/io/cucumber/datatable/7.6.0/datatable-7.6.0.jar:/Users/alefecardozo/.m2/repository/io/cucumber/cucumber-plugin/7.6.0/cucumber-plugin-7.6.0.jar:/Users/alefecardozo/.m2/repository/io/cucumber/docstring/7.6.0/docstring-7.6.0.jar:/Users/alefecardozo/.m2/repository/io/cucumber/html-formatter/20.0.0/html-formatter-20.0.0.jar:/Users/alefecardozo/.m2/repository/io/cucumber/ci-environment/9.1.0/ci-environment-9.1.0.jar:/Users/alefecardozo/.m2/repository/io/cucumber/cucumber-java/7.6.0/cucumber-java-7.6.0.jar:/Users/alefecardozo/.m2/repository/org/hamcrest/hamcrest/2.2/hamcrest-2.2.jar:"/>
    <property name="sun.cpu.endian" value="little"/>
    <property name="user.home" value="/Users/alefecardozo"/>
    <property name="user.language" value="en"/>
    <property name="java.specification.vendor" value="Oracle Corporation"/>
    <property name="java.version.date" value="2021-01-19"/>
    <property name="java.home" value="/Library/Java/JavaVirtualMachines/jdk-11.0.10.jdk/Contents/Home"/>
    <property name="file.separator" value="/"/>
    <property name="basedir" value="/Users/alefecardozo/stackspot/zupEdu/restassuredMarvelZupEdu"/>
    <property name="java.vm.compressedOopsMode" value="Zero based"/>
    <property name="line.separator" value="&#10;"/>
    <property name="java.specification.name" value="Java Platform API Specification"/>
    <property name="java.vm.specification.vendor" value="Oracle Corporation"/>
    <property name="java.awt.graphicsenv" value="sun.awt.CGraphicsEnvironment"/>
    <property name="surefire.real.class.path" value="/Users/alefecardozo/stackspot/zupEdu/restassuredMarvelZupEdu/target/surefire/surefirebooter2751527284050142507.jar"/>
    <property name="sun.management.compiler" value="HotSpot 64-Bit Tiered Compilers"/>
    <property name="ftp.nonProxyHosts" value="local|*.local|169.254/16|*.169.254/16"/>
    <property name="java.runtime.version" value="11.0.10+8-LTS-162"/>
    <property name="user.name" value="alefecardozo"/>
    <property name="path.separator" value=":"/>
    <property name="os.version" value="10.16"/>
    <property name="java.runtime.name" value="Java(TM) SE Runtime Environment"/>
    <property name="file.encoding" value="UTF-8"/>
    <property name="java.vm.name" value="Java HotSpot(TM) 64-Bit Server VM"/>
    <property name="java.vendor.version" value="18.9"/>
    <property name="localRepository" value="/Users/alefecardozo/.m2/repository"/>
    <property name="java.vendor.url.bug" value="https://bugreport.java.com/bugreport/"/>
    <property name="java.io.tmpdir" value="/var/folders/80/knr_z3f56dq1mw6rf2whfsjr0000gn/T/"/>
    <property name="java.version" value="11.0.10"/>
    <property name="user.dir" value="/Users/alefecardozo/stackspot/zupEdu/restassuredMarvelZupEdu"/>
    <property name="os.arch" value="x86_64"/>
    <property name="java.vm.specification.name" value="Java Virtual Machine Specification"/>
    <property name="java.awt.printerjob" value="sun.lwawt.macosx.CPrinterJob"/>
    <property name="sun.os.patch.level" value="unknown"/>
    <property name="java.library.path" value="/Users/alefecardozo/Library/Java/Extensions:/Library/Java/Extensions:/Network/Library/Java/Extensions:/System/Library/Java/Extensions:/usr/lib/java:."/>
    <property name="java.vendor" value="Oracle Corporation"/>
    <property name="java.vm.info" value="mixed mode"/>
    <property name="java.vm.version" value="11.0.10+8-LTS-162"/>
    <property name="sun.io.unicode.encoding" value="UnicodeBig"/>
    <property name="java.class.version" value="55.0"/>
    <property name="socksNonProxyHosts" value="local|*.local|169.254/16|*.169.254/16"/>
  </properties>
  <testcase name="Retornar dados dos quadrinhos da marvel - GET /v1/public/comics" classname="API Marvel - GET /v1/public/comics" time="5.375"/>
</testsuite>